# JRE version: OpenJDK Runtime Environment GraalVM CE 22.3.0 (17.0.5+8) (build 17.0.5+8-jvmci-22.3-b08)
# Java VM: OpenJDK 64-Bit Server VM GraalVM CE 22.3.0 (17.0.5+8-jvmci-22.3-b08, mixed mode, sharing, tiered, jvmci, jvmci compiler, compressed oops, compressed class ptrs, parallel gc, linux-amd64)
GC Precious Log:
 CPUs: 8 total, 1 available
 Memory: 1024M
 Large Page Support: Disabled
 NUMA Support: Disabled
 Compressed Oops: Enabled (32-bit)
 Alignments: Space 512K, Generation 512K, Heap 2M
 Heap Min Capacity: 100M
 Heap Initial Capacity: 100M
 Heap Max Capacity: 512M
 Pre-touch: Disabled
 Parallel Workers: 1
Heap:
 PSYoungGen      total 34304K, used 25600K [0x00000000f5580000, 0x00000000f9b80000, 0x0000000100000000)
  eden space 25600K, 100% used [0x00000000f5580000,0x00000000f6e80000,0x00000000f6e80000)
  from space 8704K, 0% used [0x00000000f6e80000,0x00000000f6e80000,0x00000000f7700000)
  to   space 20480K, 0% used [0x00000000f8780000,0x00000000f8780000,0x00000000f9b80000)
 ParOldGen       total 349696K, used 349695K [0x00000000e0000000, 0x00000000f5580000, 0x00000000f5580000)
  object space 349696K, 99% used [0x00000000e0000000,0x00000000f557ffb0,0x00000000f5580000)
 Metaspace       used 54770K, committed 55744K, reserved 1105920K
  class space    used 5458K, committed 5888K, reserved 1048576K
GC Heap History (20 events):
Event: 1795.564 GC heap before
{Heap before GC invocations=1284 (full 1171):
 PSYoungGen      total 34304K, used 25599K [0x00000000f5580000, 0x00000000f9b80000, 0x0000000100000000)
  eden space 25600K, 99% used [0x00000000f5580000,0x00000000f6e7fff8,0x00000000f6e80000)
  from space 8704K, 0% used [0x00000000f6e80000,0x00000000f6e80000,0x00000000f7700000)
  to   space 20480K, 0% used [0x00000000f8780000,0x00000000f8780000,0x00000000f9b80000)
 ParOldGen       total 349696K, used 349695K [0x00000000e0000000, 0x00000000f5580000, 0x00000000f5580000)
  object space 349696K, 99% used [0x00000000e0000000,0x00000000f557fff8,0x00000000f5580000)
 Metaspace       used 54769K, committed 55744K, reserved 1105920K
  class space    used 5458K, committed 5888K, reserved 1048576K
}
Event: 1797.102 GC heap after
{Heap after GC invocations=1284 (full 1171):
 PSYoungGen      total 46080K, used 25599K [0x00000000f5580000, 0x00000000f9b80000, 0x0000000100000000)
  eden space 25600K, 99% used [0x00000000f5580000,0x00000000f6e7ffc0,0x00000000f6e80000)
  from space 20480K, 0% used [0x00000000f8780000,0x00000000f8780000,0x00000000f9b80000)
  to   space 8704K, 0% used [0x00000000f6e80000,0x00000000f6e80000,0x00000000f7700000)
 ParOldGen       total 349696K, used 349694K [0x00000000e0000000, 0x00000000f5580000, 0x00000000f5580000)
  object space 349696K, 99% used [0x00000000e0000000,0x00000000f557f998,0x00000000f5580000)
 Metaspace       used 54769K, committed 55744K, reserved 1105920K
  class space    used 5458K, committed 5888K, reserved 1048576K
}
Event: 1797.103 GC heap before
{Heap before GC invocations=1285 (full 1172):
 PSYoungGen      total 46080K, used 25600K [0x00000000f5580000, 0x00000000f9b80000, 0x0000000100000000)
  eden space 25600K, 100% used [0x00000000f5580000,0x00000000f6e80000,0x00000000f6e80000)
  from space 20480K, 0% used [0x00000000f8780000,0x00000000f8780000,0x00000000f9b80000)
  to   space 8704K, 0% used [0x00000000f6e80000,0x00000000f6e80000,0x00000000f7700000)
 ParOldGen       total 349696K, used 349694K [0x00000000e0000000, 0x00000000f5580000, 0x00000000f5580000)
  object space 349696K, 99% used [0x00000000e0000000,0x00000000f557f998,0x00000000f5580000)
 Metaspace       used 54770K, committed 55744K, reserved 1105920K
  class space    used 5458K, committed 5888K, reserved 1048576K
}
Event: 1798.464 GC heap after
{Heap after GC invocations=1285 (full 1172):
 PSYoungGen      total 34304K, used 25599K [0x00000000f5580000, 0x00000000f9b80000, 0x0000000100000000)
  eden space 25600K, 99% used [0x00000000f5580000,0x00000000f6e7ffe0,0x00000000f6e80000)
  from space 8704K, 0% used [0x00000000f6e80000,0x00000000f6e80000,0x00000000f7700000)
  to   space 20480K, 0% used [0x00000000f8780000,0x00000000f8780000,0x00000000f9b80000)
 ParOldGen       total 349696K, used 349694K [0x00000000e0000000, 0x00000000f5580000, 0x00000000f5580000)
  object space 349696K, 99% used [0x00000000e0000000,0x00000000f557f998,0x00000000f5580000)
 Metaspace       used 54770K, committed 55744K, reserved 1105920K
  class space    used 5458K, committed 5888K, reserved 1048576K
}
Event: 1798.467 GC heap before
{Heap before GC invocations=1286 (full 1173):
 PSYoungGen      total 34304K, used 25600K [0x00000000f5580000, 0x00000000f9b80000, 0x0000000100000000)
  eden space 25600K, 100% used [0x00000000f5580000,0x00000000f6e80000,0x00000000f6e80000)
  from space 8704K, 0% used [0x00000000f6e80000,0x00000000f6e80000,0x00000000f7700000)
  to   space 20480K, 0% used [0x00000000f8780000,0x00000000f8780000,0x00000000f9b80000)
 ParOldGen       total 349696K, used 349694K [0x00000000e0000000, 0x00000000f5580000, 0x00000000f5580000)
  object space 349696K, 99% used [0x00000000e0000000,0x00000000f557f998,0x00000000f5580000)
 Metaspace       used 54770K, committed 55744K, reserved 1105920K
  class space    used 5458K, committed 5888K, reserved 1048576K
}
Event: 1800.027 GC heap after
{Heap after GC invocations=1286 (full 1173):
 PSYoungGen      total 46080K, used 25600K [0x00000000f5580000, 0x00000000f9b80000, 0x0000000100000000)
  eden space 25600K, 100% used [0x00000000f5580000,0x00000000f6e80000,0x00000000f6e80000)
  from space 20480K, 0% used [0x00000000f8780000,0x00000000f8780000,0x00000000f9b80000)
  to   space 8704K, 0% used [0x00000000f6e80000,0x00000000f6e80000,0x00000000f7700000)
 ParOldGen       total 349696K, used 349694K [0x00000000e0000000, 0x00000000f5580000, 0x00000000f5580000)
  object space 349696K, 99% used [0x00000000e0000000,0x00000000f557f998,0x00000000f5580000)
 Metaspace       used 54770K, committed 55744K, reserved 1105920K
  class space    used 5458K, committed 5888K, reserved 1048576K
}
Event: 1800.034 GC heap before
{Heap before GC invocations=1287 (full 1174):
 PSYoungGen      total 46080K, used 25600K [0x00000000f5580000, 0x00000000f9b80000, 0x0000000100000000)
  eden space 25600K, 100% used [0x00000000f5580000,0x00000000f6e80000,0x00000000f6e80000)
  from space 20480K, 0% used [0x00000000f8780000,0x00000000f8780000,0x00000000f9b80000)
  to   space 8704K, 0% used [0x00000000f6e80000,0x00000000f6e80000,0x00000000f7700000)
 ParOldGen       total 349696K, used 349695K [0x00000000e0000000, 0x00000000f5580000, 0x00000000f5580000)
  object space 349696K, 99% used [0x00000000e0000000,0x00000000f557ffc8,0x00000000f5580000)
 Metaspace       used 54770K, committed 55744K, reserved 1105920K
  class space    used 5458K, committed 5888K, reserved 1048576K
}
Event: 1801.442 GC heap after
{Heap after GC invocations=1287 (full 1174):
 PSYoungGen      total 34304K, used 25600K [0x00000000f5580000, 0x00000000f9b80000, 0x0000000100000000)
  eden space 25600K, 100% used [0x00000000f5580000,0x00000000f6e80000,0x00000000f6e80000)
  from space 8704K, 0% used [0x00000000f6e80000,0x00000000f6e80000,0x00000000f7700000)
  to   space 20480K, 0% used [0x00000000f8780000,0x00000000f8780000,0x00000000f9b80000)
 ParOldGen       total 349696K, used 349694K [0x00000000e0000000, 0x00000000f5580000, 0x00000000f5580000)
  object space 349696K, 99% used [0x00000000e0000000,0x00000000f557fbc8,0x00000000f5580000)
 Metaspace       used 54770K, committed 55744K, reserved 1105920K
  class space    used 5458K, committed 5888K, reserved 1048576K
}
Event: 1801.444 GC heap before
{Heap before GC invocations=1288 (full 1175):
 PSYoungGen      total 34304K, used 25600K [0x00000000f5580000, 0x00000000f9b80000, 0x0000000100000000)
  eden space 25600K, 100% used [0x00000000f5580000,0x00000000f6e80000,0x00000000f6e80000)
  from space 8704K, 0% used [0x00000000f6e80000,0x00000000f6e80000,0x00000000f7700000)
  to   space 20480K, 0% used [0x00000000f8780000,0x00000000f8780000,0x00000000f9b80000)
 ParOldGen       total 349696K, used 349695K [0x00000000e0000000, 0x00000000f5580000, 0x00000000f5580000)
  object space 349696K, 99% used [0x00000000e0000000,0x00000000f557ffb0,0x00000000f5580000)
 Metaspace       used 54770K, committed 55744K, reserved 1105920K
  class space    used 5458K, committed 5888K, reserved 1048576K
}
Event: 1802.917 GC heap after
{Heap after GC invocations=1288 (full 1175):
 PSYoungGen      total 46080K, used 25600K [0x00000000f5580000, 0x00000000f9b80000, 0x0000000100000000)
  eden space 25600K, 100% used [0x00000000f5580000,0x00000000f6e80000,0x00000000f6e80000)
  from space 20480K, 0% used [0x00000000f8780000,0x00000000f8780000,0x00000000f9b80000)
  to   space 8704K, 0% used [0x00000000f6e80000,0x00000000f6e80000,0x00000000f7700000)
 ParOldGen       total 349696K, used 349694K [0x00000000e0000000, 0x00000000f5580000, 0x00000000f5580000)
  object space 349696K, 99% used [0x00000000e0000000,0x00000000f557fad0,0x00000000f5580000)
 Metaspace       used 54770K, committed 55744K, reserved 1105920K
  class space    used 5458K, committed 5888K, reserved 1048576K
}
Event: 1802.943 GC heap before
{Heap before GC invocations=1289 (full 1176):
 PSYoungGen      total 46080K, used 25600K [0x00000000f5580000, 0x00000000f9b80000, 0x0000000100000000)
  eden space 25600K, 100% used [0x00000000f5580000,0x00000000f6e80000,0x00000000f6e80000)
  from space 20480K, 0% used [0x00000000f8780000,0x00000000f8780000,0x00000000f9b80000)
  to   space 8704K, 0% used [0x00000000f6e80000,0x00000000f6e80000,0x00000000f7700000)
 ParOldGen       total 349696K, used 349695K [0x00000000e0000000, 0x00000000f5580000, 0x00000000f5580000)
  object space 349696K, 99% used [0x00000000e0000000,0x00000000f557fc00,0x00000000f5580000)
 Metaspace       used 54770K, committed 55744K, reserved 1105920K
  class space    used 5458K, committed 5888K, reserved 1048576K
}
Event: 1804.293 GC heap after
{Heap after GC invocations=1289 (full 1176):
 PSYoungGen      total 34304K, used 25600K [0x00000000f5580000, 0x00000000f9b80000, 0x0000000100000000)
  eden space 25600K, 100% used [0x00000000f5580000,0x00000000f6e80000,0x00000000f6e80000)
  from space 8704K, 0% used [0x00000000f6e80000,0x00000000f6e80000,0x00000000f7700000)
  to   space 20480K, 0% used [0x00000000f8780000,0x00000000f8780000,0x00000000f9b80000)
 ParOldGen       total 349696K, used 349694K [0x00000000e0000000, 0x00000000f5580000, 0x00000000f5580000)
  object space 349696K, 99% used [0x00000000e0000000,0x00000000f557fb08,0x00000000f5580000)
 Metaspace       used 54770K, committed 55744K, reserved 1105920K
  class space    used 5458K, committed 5888K, reserved 1048576K
}
Event: 1804.296 GC heap before
{Heap before GC invocations=1290 (full 1177):
 PSYoungGen      total 34304K, used 25600K [0x00000000f5580000, 0x00000000f9b80000, 0x0000000100000000)
  eden space 25600K, 100% used [0x00000000f5580000,0x00000000f6e80000,0x00000000f6e80000)
  from space 8704K, 0% used [0x00000000f6e80000,0x00000000f6e80000,0x00000000f7700000)
  to   space 20480K, 0% used [0x00000000f8780000,0x00000000f8780000,0x00000000f9b80000)
 ParOldGen       total 349696K, used 349695K [0x00000000e0000000, 0x00000000f5580000, 0x00000000f5580000)
  object space 349696K, 99% used [0x00000000e0000000,0x00000000f557fff8,0x00000000f5580000)
 Metaspace       used 54770K, committed 55744K, reserved 1105920K
  class space    used 5458K, committed 5888K, reserved 1048576K
}
Event: 1805.814 GC heap after
{Heap after GC invocations=1290 (full 1177):
 PSYoungGen      total 46080K, used 25600K [0x00000000f5580000, 0x00000000f9b80000, 0x0000000100000000)
  eden space 25600K, 100% used [0x00000000f5580000,0x00000000f6e80000,0x00000000f6e80000)
  from space 20480K, 0% used [0x00000000f8780000,0x00000000f8780000,0x00000000f9b80000)
  to   space 8704K, 0% used [0x00000000f6e80000,0x00000000f6e80000,0x00000000f7700000)
 ParOldGen       total 349696K, used 349695K [0x00000000e0000000, 0x00000000f5580000, 0x00000000f5580000)
  object space 349696K, 99% used [0x00000000e0000000,0x00000000f557fc30,0x00000000f5580000)
 Metaspace       used 54770K, committed 55744K, reserved 1105920K
  class space    used 5458K, committed 5888K, reserved 1048576K
}
Event: 1805.815 GC heap before
{Heap before GC invocations=1291 (full 1178):
 PSYoungGen      total 46080K, used 25600K [0x00000000f5580000, 0x00000000f9b80000, 0x0000000100000000)
  eden space 25600K, 100% used [0x00000000f5580000,0x00000000f6e80000,0x00000000f6e80000)
  from space 20480K, 0% used [0x00000000f8780000,0x00000000f8780000,0x00000000f9b80000)
  to   space 8704K, 0% used [0x00000000f6e80000,0x00000000f6e80000,0x00000000f7700000)
 ParOldGen       total 349696K, used 349695K [0x00000000e0000000, 0x00000000f5580000, 0x00000000f5580000)
  object space 349696K, 99% used [0x00000000e0000000,0x00000000f557fcb0,0x00000000f5580000)
 Metaspace       used 54770K, committed 55744K, reserved 1105920K
  class space    used 5458K, committed 5888K, reserved 1048576K
}
Event: 1807.276 GC heap after
{Heap after GC invocations=1291 (full 1178):
 PSYoungGen      total 34304K, used 25600K [0x00000000f5580000, 0x00000000f9b80000, 0x0000000100000000)
  eden space 25600K, 100% used [0x00000000f5580000,0x00000000f6e80000,0x00000000f6e80000)
  from space 8704K, 0% used [0x00000000f6e80000,0x00000000f6e80000,0x00000000f7700000)
  to   space 20480K, 0% used [0x00000000f8780000,0x00000000f8780000,0x00000000f9b80000)
 ParOldGen       total 349696K, used 349695K [0x00000000e0000000, 0x00000000f5580000, 0x00000000f5580000)
  object space 349696K, 99% used [0x00000000e0000000,0x00000000f557fc30,0x00000000f5580000)
 Metaspace       used 54770K, committed 55744K, reserved 1105920K
  class space    used 5458K, committed 5888K, reserved 1048576K
}
Event: 1807.278 GC heap before
{Heap before GC invocations=1292 (full 1179):
 PSYoungGen      total 34304K, used 25600K [0x00000000f5580000, 0x00000000f9b80000, 0x0000000100000000)
  eden space 25600K, 100% used [0x00000000f5580000,0x00000000f6e80000,0x00000000f6e80000)
  from space 8704K, 0% used [0x00000000f6e80000,0x00000000f6e80000,0x00000000f7700000)
  to   space 20480K, 0% used [0x00000000f8780000,0x00000000f8780000,0x00000000f9b80000)
 ParOldGen       total 349696K, used 349695K [0x00000000e0000000, 0x00000000f5580000, 0x00000000f5580000)
  object space 349696K, 99% used [0x00000000e0000000,0x00000000f557fcf8,0x00000000f5580000)
 Metaspace       used 54770K, committed 55744K, reserved 1105920K
  class space    used 5458K, committed 5888K, reserved 1048576K
}
Event: 1808.865 GC heap after
{Heap after GC invocations=1292 (full 1179):
 PSYoungGen      total 46080K, used 25599K [0x00000000f5580000, 0x00000000f9b80000, 0x0000000100000000)
  eden space 25600K, 99% used [0x00000000f5580000,0x00000000f6e7ffe0,0x00000000f6e80000)
  from space 20480K, 0% used [0x00000000f8780000,0x00000000f8780000,0x00000000f9b80000)
  to   space 8704K, 0% used [0x00000000f6e80000,0x00000000f6e80000,0x00000000f7700000)
 ParOldGen       total 349696K, used 349695K [0x00000000e0000000, 0x00000000f5580000, 0x00000000f5580000)
  object space 349696K, 99% used [0x00000000e0000000,0x00000000f557fc48,0x00000000f5580000)
 Metaspace       used 54770K, committed 55744K, reserved 1105920K
  class space    used 5458K, committed 5888K, reserved 1048576K
}
Event: 1808.865 GC heap before
{Heap before GC invocations=1293 (full 1180):
 PSYoungGen      total 46080K, used 25599K [0x00000000f5580000, 0x00000000f9b80000, 0x0000000100000000)
  eden space 25600K, 99% used [0x00000000f5580000,0x00000000f6e7ffe0,0x00000000f6e80000)
  from space 20480K, 0% used [0x00000000f8780000,0x00000000f8780000,0x00000000f9b80000)
  to   space 8704K, 0% used [0x00000000f6e80000,0x00000000f6e80000,0x00000000f7700000)
 ParOldGen       total 349696K, used 349695K [0x00000000e0000000, 0x00000000f5580000, 0x00000000f5580000)
  object space 349696K, 99% used [0x00000000e0000000,0x00000000f557fc48,0x00000000f5580000)
 Metaspace       used 54770K, committed 55744K, reserved 1105920K
  class space    used 5458K, committed 5888K, reserved 1048576K
}
Event: 1810.322 GC heap after
{Heap after GC invocations=1293 (full 1180):
 PSYoungGen      total 34304K, used 25599K [0x00000000f5580000, 0x00000000f9b80000, 0x0000000100000000)
  eden space 25600K, 99% used [0x00000000f5580000,0x00000000f6e7ffe0,0x00000000f6e80000)
  from space 8704K, 0% used [0x00000000f6e80000,0x00000000f6e80000,0x00000000f7700000)
  to   space 20480K, 0% used [0x00000000f8780000,0x00000000f8780000,0x00000000f9b80000)
 ParOldGen       total 349696K, used 349695K [0x00000000e0000000, 0x00000000f5580000, 0x00000000f5580000)
  object space 349696K, 99% used [0x00000000e0000000,0x00000000f557fc48,0x00000000f5580000)
 Metaspace       used 54770K, committed 55744K, reserved 1105920K
  class space    used 5458K, committed 5888K, reserved 1048576K
}

